<?xml version="1.0" encoding="utf-8"?><testsuites name="pytest tests"><testsuite name="pytest" errors="0" failures="0" skipped="0" tests="12" time="0.712" timestamp="2025-09-16T10:52:32.059088-05:00" hostname="ASPSISLYAR-447"><testcase classname="tests.test_extra_coverage" name="test_listar_y_estadisticas" time="0.075" /><testcase classname="tests.test_extra_coverage" name="test_cerrar_sin_tecnico_da_400" time="0.050" /><testcase classname="tests.test_extra_coverage" name="test_comentarios_crear_y_listar" time="0.066" /><testcase classname="tests.test_extra_coverage" name="test_tecnicos_listar_y_get" time="0.023" /><testcase classname="tests.test_extra_coverage" name="test_usuario_actualizar_conflicto" time="0.040" /><testcase classname="tests.test_extra_coverage" name="test_eliminar_ticket" time="0.057" /><testcase classname="tests.test_flow_integration" name="test_flujo_ticket" time="0.045" /><testcase classname="tests.test_tickets_unit" name="test_crear_ticket_valido" time="0.038" /><testcase classname="tests.test_tickets_unit" name="test_crear_ticket_invalido_sin_titulo" time="0.024" /><testcase classname="tests.test_tickets_unit" name="test_obtener_ticket_inexistente" time="0.007" /><testcase classname="tests.test_users_unit" name="test_crear_usuario_valido" time="0.012" /><testcase classname="tests.test_users_unit" name="test_crear_usuario_duplicado" time="0.021" /></testsuite></testsuites>